<?xml version="1.0" encoding="utf-8"?><testsuites name="pytest tests"><testsuite name="pytest" errors="0" failures="0" skipped="0" tests="9" time="5.807" timestamp="2026-05-01T12:55:48.916040+00:00" hostname="agent-env-5190c128-6175-40b5-9990-65f2acfa0588"><testcase classname="backend.tests.test_api" name="test_root_ok" time="1.554" /><testcase classname="backend.tests.test_api" name="test_create_reservation_success" time="0.371" /><testcase classname="backend.tests.test_api" name="test_create_reservation_missing_required" time="0.353" /><testcase classname="backend.tests.test_api" name="test_create_reservation_invalid_email" time="0.359" /><testcase classname="backend.tests.test_api" name="test_create_reservation_guests_out_of_range" time="1.264" /><testcase classname="backend.tests.test_api" name="test_list_reservations_persistence" time="0.720" /><testcase classname="backend.tests.test_api" name="test_create_contact_success" time="0.363" /><testcase classname="backend.tests.test_api" name="test_create_contact_invalid_email" time="0.351" /><testcase classname="backend.tests.test_api" name="test_list_contact" time="0.354" /></testsuite></testsuites>